2024-08-11 18:08:26,689 - INFO - Start test_scen2
2024-08-11 18:08:26,690 - INFO - Открытие https://sbis.ru/
2024-08-11 18:08:30,562 - INFO - Ссылка 'Контакты' присутствует. ОК.
2024-08-11 18:08:33,155 - INFO - Клик на ссылку 'Контакты' выполнен успешно. ОК.
2024-08-11 18:08:40,427 - INFO - Регион определен корректно и список партнеров успешно загружен. ОК.
2024-08-11 18:08:40,481 - INFO - Ссылка для выбора регионов успешно кликнута. ОК.
2024-08-11 18:08:41,050 - INFO - Ссылка на регион Камачатка успешно кликнута. ОК.
2024-08-11 18:08:41,590 - INFO - Текст изменился на Камчатский край. ОК.
2024-08-11 18:08:41,603 - INFO - Назвавние города изменилось на Петропавловск-Камчатский. ОК.
2024-08-11 18:08:41,622 - INFO - Проверка списка партнеров завершена успешно. ОК.
2024-08-11 18:08:41,630 - INFO - Проверка региона Камчатский край завершена успешно. ОК.
2024-08-11 18:08:41,630 - INFO - End test_scen2

2024-08-11 18:09:41,103 - INFO - Старт test_scen3
2024-08-11 18:09:41,104 - INFO - Открытие https://sbis.ru/
2024-08-11 18:09:46,087 - INFO - Ссылка на локальные версии успешно найдена. ОК.
2024-08-11 18:20:16,769 - INFO - Старт test_scen3
2024-08-11 18:20:16,769 - INFO - Открытие https://sbis.ru/
2024-08-11 18:20:19,842 - INFO - Ссылка на локальные версии успешно найдена. ОК.
2024-08-11 18:20:21,069 - INFO - Ссылка на локальные версии успешно кликнута. ОК.
2024-08-11 18:20:21,140 - INFO - Элемент для скачивания файла присутствует. ОК.
2024-08-11 18:20:21,770 - INFO - Элемент для скачивания файла был успешно кликнут. ОК.
2024-08-11 18:20:25,283 - INFO - Плагин был успешно скачен. ОК.
2024-08-11 18:20:25,284 - INFO - Размер скаченного файла совпадает с указанным на сайте. ОК.
2024-08-11 18:20:25,284 - INFO - Конец test_scen3

2024-08-19 12:18:42,138 - INFO - Start test_scen2
2024-08-19 12:18:42,166 - INFO - Открытие https://sbis.ru/
2024-08-19 12:18:47,214 - INFO - Ссылка 'Контакты' присутствует. ОК.
2024-08-19 12:18:48,961 - INFO - Клик на ссылку 'Контакты' выполнен успешно. ОК.
